<?xml version="1.0" encoding="UTF-8"?>
<coverage generated="1703711224467" clover="3.2.0">
  <project timestamp="1703711224467" name="All files">
    <metrics statements="23" coveredstatements="0" conditionals="13" coveredconditionals="0" methods="6" coveredmethods="0" elements="42" coveredelements="0" complexity="0" loc="23" ncloc="23" packages="2" files="2" classes="2"/>
    <package name="gpaCalculator">
      <metrics statements="3" coveredstatements="0" conditionals="0" coveredconditionals="0" methods="1" coveredmethods="0"/>
      <file name="App.js" path="C:\Users\HP\gpaCalculator\App.js">
        <metrics statements="3" coveredstatements="0" conditionals="0" coveredconditionals="0" methods="1" coveredmethods="0"/>
        <line num="7" count="0" type="stmt"/>
        <line num="19" count="0" type="stmt"/>
        <line num="26" count="0" type="stmt"/>
      </file>
    </package>
    <package name="gpaCalculator.src">
      <metrics statements="20" coveredstatements="0" conditionals="13" coveredconditionals="0" methods="5" coveredmethods="0"/>
      <file name="usefulFunc.js" path="C:\Users\HP\gpaCalculator\src\usefulFunc.js">
        <metrics statements="20" coveredstatements="0" conditionals="13" coveredconditionals="0" methods="5" coveredmethods="0"/>
        <line num="2" count="0" type="cond" truecount="0" falsecount="13"/>
        <line num="4" count="0" type="stmt"/>
        <line num="6" count="0" type="stmt"/>
        <line num="9" count="0" type="stmt"/>
        <line num="11" count="0" type="stmt"/>
        <line num="14" count="0" type="stmt"/>
        <line num="16" count="0" type="stmt"/>
        <line num="19" count="0" type="stmt"/>
        <line num="21" count="0" type="stmt"/>
        <line num="24" count="0" type="stmt"/>
        <line num="26" count="0" type="stmt"/>
        <line num="29" count="0" type="stmt"/>
        <line num="31" count="0" type="stmt"/>
        <line num="34" count="0" type="stmt"/>
        <line num="39" count="0" type="stmt"/>
        <line num="40" count="0" type="stmt"/>
        <line num="43" count="0" type="stmt"/>
        <line num="47" count="0" type="stmt"/>
        <line num="48" count="0" type="stmt"/>
        <line num="51" count="0" type="stmt"/>
      </file>
    </package>
  </project>
</coverage>
