{"C:\\Users\\HP\\gpaCalculator\\App.js": {"path":"C:\\Users\\HP\\gpaCalculator\\App.js","statementMap":{"0":{"start":{"line":7,"column":14},"end":{"line":16,"column":1}},"1":{"start":{"line":19,"column":2},"end":{"line":23,"column":4}},"2":{"start":{"line":26,"column":15},"end":{"line":33,"column":2}}},"fnMap":{"0":{"name":"App","decl":{"start":{"line":18,"column":24},"end":{"line":18,"column":27}},"loc":{"start":{"line":18,"column":30},"end":{"line":24,"column":1}},"line":18}},"branchMap":{},"s":{"0":0,"1":0,"2":0},"f":{"0":0},"b":{}}
,"C:\\Users\\HP\\gpaCalculator\\src\\usefulFunc.js": {"path":"C:\\Users\\HP\\gpaCalculator\\src\\usefulFunc.js","statementMap":{"0":{"start":{"line":2,"column":4},"end":{"line":35,"column":5}},"1":{"start":{"line":4,"column":12},"end":{"line":4,"column":23}},"2":{"start":{"line":6,"column":12},"end":{"line":6,"column":23}},"3":{"start":{"line":9,"column":12},"end":{"line":9,"column":23}},"4":{"start":{"line":11,"column":12},"end":{"line":11,"column":23}},"5":{"start":{"line":14,"column":12},"end":{"line":14,"column":23}},"6":{"start":{"line":16,"column":12},"end":{"line":16,"column":23}},"7":{"start":{"line":19,"column":12},"end":{"line":19,"column":23}},"8":{"start":{"line":21,"column":12},"end":{"line":21,"column":23}},"9":{"start":{"line":24,"column":12},"end":{"line":24,"column":23}},"10":{"start":{"line":26,"column":12},"end":{"line":26,"column":23}},"11":{"start":{"line":29,"column":12},"end":{"line":29,"column":23}},"12":{"start":{"line":31,"column":12},"end":{"line":31,"column":23}},"13":{"start":{"line":34,"column":12},"end":{"line":34,"column":23}},"14":{"start":{"line":39,"column":25},"end":{"line":42,"column":5}},"15":{"start":{"line":40,"column":25},"end":{"line":40,"column":54}},"16":{"start":{"line":43,"column":4},"end":{"line":43,"column":24}},"17":{"start":{"line":47,"column":16},"end":{"line":50,"column":5}},"18":{"start":{"line":48,"column":25},"end":{"line":48,"column":78}},"19":{"start":{"line":51,"column":4},"end":{"line":51,"column":15}}},"fnMap":{"0":{"name":"getPoints","decl":{"start":{"line":1,"column":16},"end":{"line":1,"column":25}},"loc":{"start":{"line":1,"column":34},"end":{"line":36,"column":1}},"line":1},"1":{"name":"getTotalCredit","decl":{"start":{"line":38,"column":16},"end":{"line":38,"column":30}},"loc":{"start":{"line":38,"column":38},"end":{"line":44,"column":1}},"line":38},"2":{"name":"(anonymous_2)","decl":{"start":{"line":40,"column":8},"end":{"line":40,"column":9}},"loc":{"start":{"line":40,"column":25},"end":{"line":40,"column":54}},"line":40},"3":{"name":"get_All_GRADE_X_CREDIT","decl":{"start":{"line":46,"column":16},"end":{"line":46,"column":38}},"loc":{"start":{"line":46,"column":46},"end":{"line":52,"column":1}},"line":46},"4":{"name":"(anonymous_4)","decl":{"start":{"line":48,"column":8},"end":{"line":48,"column":9}},"loc":{"start":{"line":48,"column":25},"end":{"line":48,"column":78}},"line":48}},"branchMap":{"0":{"loc":{"start":{"line":2,"column":4},"end":{"line":35,"column":5}},"type":"switch","locations":[{"start":{"line":3,"column":8},"end":{"line":4,"column":23}},{"start":{"line":5,"column":8},"end":{"line":6,"column":23}},{"start":{"line":8,"column":8},"end":{"line":9,"column":23}},{"start":{"line":10,"column":8},"end":{"line":11,"column":23}},{"start":{"line":13,"column":8},"end":{"line":14,"column":23}},{"start":{"line":15,"column":8},"end":{"line":16,"column":23}},{"start":{"line":18,"column":8},"end":{"line":19,"column":23}},{"start":{"line":20,"column":8},"end":{"line":21,"column":23}},{"start":{"line":23,"column":8},"end":{"line":24,"column":23}},{"start":{"line":25,"column":8},"end":{"line":26,"column":23}},{"start":{"line":28,"column":8},"end":{"line":29,"column":23}},{"start":{"line":30,"column":8},"end":{"line":31,"column":23}},{"start":{"line":33,"column":8},"end":{"line":34,"column":23}}],"line":2}},"s":{"0":0,"1":0,"2":0,"3":0,"4":0,"5":0,"6":0,"7":0,"8":0,"9":0,"10":0,"11":0,"12":0,"13":0,"14":0,"15":0,"16":0,"17":0,"18":0,"19":0},"f":{"0":0,"1":0,"2":0,"3":0,"4":0},"b":{"0":[0,0,0,0,0,0,0,0,0,0,0,0,0]}}
}
