TN:
SF:App.js
FN:18,App
FNF:1
FNH:0
FNDA:0,App
DA:7,0
DA:19,0
DA:26,0
LF:3
LH:0
BRF:0
BRH:0
end_of_record
TN:
SF:src\usefulFunc.js
FN:1,getPoints
FN:38,getTotalCredit
FN:40,(anonymous_2)
FN:46,get_All_GRADE_X_CREDIT
FN:48,(anonymous_4)
FNF:5
FNH:0
FNDA:0,getPoints
FNDA:0,getTotalCredit
FNDA:0,(anonymous_2)
FNDA:0,get_All_GRADE_X_CREDIT
FNDA:0,(anonymous_4)
DA:2,0
DA:4,0
DA:6,0
DA:9,0
DA:11,0
DA:14,0
DA:16,0
DA:19,0
DA:21,0
DA:24,0
DA:26,0
DA:29,0
DA:31,0
DA:34,0
DA:39,0
DA:40,0
DA:43,0
DA:47,0
DA:48,0
DA:51,0
LF:20
LH:0
BRDA:2,0,0,0
BRDA:2,0,1,0
BRDA:2,0,2,0
BRDA:2,0,3,0
BRDA:2,0,4,0
BRDA:2,0,5,0
BRDA:2,0,6,0
BRDA:2,0,7,0
BRDA:2,0,8,0
BRDA:2,0,9,0
BRDA:2,0,10,0
BRDA:2,0,11,0
BRDA:2,0,12,0
BRF:13
BRH:0
end_of_record
